2025-12-03 13:30:16 [INFO] [U2DailyScoringBacktest] 使用引擎: u3
2025-12-03 13:30:16 [INFO] [U2DailyScoringBacktest] 读取数据集：data/datasets\ultrashort_main.parquet
2025-12-03 13:30:16 [INFO] [U2DailyScoringBacktest] 回测日期区间：2019-01-01 ~ 2025-11-28（数据全体区间：2020-02-07 ~ 2025-10-31）
2025-12-03 13:30:16 [WARNING] [U2DailyScoringBacktest] 交易日 2020-02-10 可用训练天数仅有 1，略过该日打分。
2025-12-03 13:30:16 [WARNING] [U2DailyScoringBacktest] 交易日 2020-02-11 可用训练天数仅有 2，略过该日打分。
2025-12-03 13:30:16 [WARNING] [U2DailyScoringBacktest] 交易日 2020-02-12 可用训练天数仅有 3，略过该日打分。
2025-12-03 13:30:16 [WARNING] [U2DailyScoringBacktest] 交易日 2020-02-13 可用训练天数仅有 4，略过该日打分。
2025-12-03 13:30:16 [WARNING] [U2DailyScoringBacktest] 交易日 2020-02-14 可用训练天数仅有 5，略过该日打分。
2025-12-03 13:30:16 [WARNING] [U2DailyScoringBacktest] 交易日 2020-02-17 可用训练天数仅有 6，略过该日打分。
2025-12-03 13:30:16 [WARNING] [U2DailyScoringBacktest] 交易日 2020-02-18 可用训练天数仅有 7，略过该日打分。
2025-12-03 13:30:16 [WARNING] [U2DailyScoringBacktest] 交易日 2020-02-19 可用训练天数仅有 8，略过该日打分。
2025-12-03 13:30:16 [WARNING] [U2DailyScoringBacktest] 交易日 2020-02-20 可用训练天数仅有 9，略过该日打分。
2025-12-03 13:30:16 [WARNING] [U2DailyScoringBacktest] 交易日 2020-02-21 可用训练天数仅有 10，略过该日打分。
2025-12-03 13:30:16 [WARNING] [U2DailyScoringBacktest] 交易日 2020-02-24 可用训练天数仅有 11，略过该日打分。
2025-12-03 13:30:16 [WARNING] [U2DailyScoringBacktest] 交易日 2020-02-25 可用训练天数仅有 12，略过该日打分。
2025-12-03 13:30:16 [WARNING] [U2DailyScoringBacktest] 交易日 2020-02-26 可用训练天数仅有 13，略过该日打分。
2025-12-03 13:30:16 [WARNING] [U2DailyScoringBacktest] 交易日 2020-02-27 可用训练天数仅有 14，略过该日打分。
2025-12-03 13:30:16 [WARNING] [U2DailyScoringBacktest] 交易日 2020-02-28 可用训练天数仅有 15，略过该日打分。
2025-12-03 13:30:16 [WARNING] [U2DailyScoringBacktest] 交易日 2020-03-02 可用训练天数仅有 16，略过该日打分。
2025-12-03 13:30:16 [WARNING] [U2DailyScoringBacktest] 交易日 2020-03-03 可用训练天数仅有 17，略过该日打分。
2025-12-03 13:30:16 [WARNING] [U2DailyScoringBacktest] 交易日 2020-03-04 可用训练天数仅有 18，略过该日打分。
2025-12-03 13:30:16 [WARNING] [U2DailyScoringBacktest] 交易日 2020-03-05 可用训练天数仅有 19，略过该日打分。
2025-12-03 13:30:16 [WARNING] [U2DailyScoringBacktest] 交易日 2020-03-06 可用训练天数仅有 20，略过该日打分。
2025-12-03 13:30:16 [WARNING] [U2DailyScoringBacktest] 交易日 2020-03-09 可用训练天数仅有 21，略过该日打分。
2025-12-03 13:30:16 [WARNING] [U2DailyScoringBacktest] 交易日 2020-03-10 可用训练天数仅有 22，略过该日打分。
2025-12-03 13:30:16 [WARNING] [U2DailyScoringBacktest] 交易日 2020-03-11 可用训练天数仅有 23，略过该日打分。
2025-12-03 13:30:16 [WARNING] [U2DailyScoringBacktest] 交易日 2020-03-12 可用训练天数仅有 24，略过该日打分。
2025-12-03 13:30:16 [WARNING] [U2DailyScoringBacktest] 交易日 2020-03-13 可用训练天数仅有 25，略过该日打分。
2025-12-03 13:30:16 [WARNING] [U2DailyScoringBacktest] 交易日 2020-03-16 可用训练天数仅有 26，略过该日打分。
2025-12-03 13:30:16 [WARNING] [U2DailyScoringBacktest] 交易日 2020-03-17 可用训练天数仅有 27，略过该日打分。
2025-12-03 13:30:16 [WARNING] [U2DailyScoringBacktest] 交易日 2020-03-18 可用训练天数仅有 28，略过该日打分。
2025-12-03 13:30:16 [WARNING] [U2DailyScoringBacktest] 交易日 2020-03-19 可用训练天数仅有 29，略过该日打分。
2025-12-03 13:30:31 [WARNING] [U2DailyScoringBacktest] 交易日 2020-04-20 的训练集标签只有一个取值，跳过。
2025-12-03 13:30:31 [WARNING] [U2DailyScoringBacktest] 交易日 2020-04-21 的训练集标签只有一个取值，跳过。
2025-12-03 13:30:31 [WARNING] [U2DailyScoringBacktest] 交易日 2020-04-22 的训练集标签只有一个取值，跳过。
2025-12-03 13:30:31 [WARNING] [U2DailyScoringBacktest] 交易日 2020-04-23 的训练集标签只有一个取值，跳过。
2025-12-03 13:30:31 [WARNING] [U2DailyScoringBacktest] 交易日 2020-04-24 的训练集标签只有一个取值，跳过。
2025-12-03 13:30:31 [WARNING] [U2DailyScoringBacktest] 交易日 2020-04-27 的训练集标签只有一个取值，跳过。
2025-12-03 13:31:01 [WARNING] [U2DailyScoringBacktest] 交易日 2023-09-21 的训练集标签只有一个取值，跳过。
2025-12-03 13:31:01 [WARNING] [U2DailyScoringBacktest] 交易日 2023-09-22 的训练集标签只有一个取值，跳过。
2025-12-03 13:31:15 [INFO] [U2DailyScoringBacktest] [U3 Backtest] 总体统计：交易日数=1354, 样本数=5416, 命中率(label_u2=1 比例)=0.8848
2025-12-03 13:31:15 [INFO] [U2DailyScoringBacktest] [U3 Backtest] 按年份统计：
 year  n_days  n_samples  hit_rate
 2020     187        748    0.9398
 2021     243        972    0.9074
 2022     242        968    0.8946
 2023     240        960    0.8885
 2024     242        968    0.8636
 2025     200        800    0.8150
2025-12-03 13:31:15 [INFO] [U2DailyScoringBacktest] 候选股明细已写入：reports\u3_daily_scoring_backtest_ultrashort_main.csv
2025-12-03 14:23:39 [INFO] [U2DailyScoringBacktest] 使用引擎: u3
2025-12-03 14:23:39 [INFO] [U2DailyScoringBacktest] 读取数据集：data/datasets\ultrashort_main_u3.parquet
2025-12-03 14:23:39 [INFO] [U2DailyScoringBacktest] 回测日期区间：2019-01-01 ~ 2025-11-28（数据全体区间：2020-02-07 ~ 2025-10-31）
2025-12-03 14:23:39 [WARNING] [U2DailyScoringBacktest] 交易日 2020-02-10 可用训练天数仅有 1，略过该日打分。
2025-12-03 14:23:39 [WARNING] [U2DailyScoringBacktest] 交易日 2020-02-11 可用训练天数仅有 2，略过该日打分。
2025-12-03 14:23:39 [WARNING] [U2DailyScoringBacktest] 交易日 2020-02-12 可用训练天数仅有 3，略过该日打分。
2025-12-03 14:23:39 [WARNING] [U2DailyScoringBacktest] 交易日 2020-02-13 可用训练天数仅有 4，略过该日打分。
2025-12-03 14:23:39 [WARNING] [U2DailyScoringBacktest] 交易日 2020-02-14 可用训练天数仅有 5，略过该日打分。
2025-12-03 14:23:39 [WARNING] [U2DailyScoringBacktest] 交易日 2020-02-17 可用训练天数仅有 6，略过该日打分。
2025-12-03 14:23:39 [WARNING] [U2DailyScoringBacktest] 交易日 2020-02-18 可用训练天数仅有 7，略过该日打分。
2025-12-03 14:23:39 [WARNING] [U2DailyScoringBacktest] 交易日 2020-02-19 可用训练天数仅有 8，略过该日打分。
2025-12-03 14:23:39 [WARNING] [U2DailyScoringBacktest] 交易日 2020-02-20 可用训练天数仅有 9，略过该日打分。
2025-12-03 14:23:39 [WARNING] [U2DailyScoringBacktest] 交易日 2020-02-21 可用训练天数仅有 10，略过该日打分。
2025-12-03 14:23:39 [WARNING] [U2DailyScoringBacktest] 交易日 2020-02-24 可用训练天数仅有 11，略过该日打分。
2025-12-03 14:23:39 [WARNING] [U2DailyScoringBacktest] 交易日 2020-02-25 可用训练天数仅有 12，略过该日打分。
2025-12-03 14:23:39 [WARNING] [U2DailyScoringBacktest] 交易日 2020-02-26 可用训练天数仅有 13，略过该日打分。
2025-12-03 14:23:39 [WARNING] [U2DailyScoringBacktest] 交易日 2020-02-27 可用训练天数仅有 14，略过该日打分。
2025-12-03 14:23:39 [WARNING] [U2DailyScoringBacktest] 交易日 2020-02-28 可用训练天数仅有 15，略过该日打分。
2025-12-03 14:23:39 [WARNING] [U2DailyScoringBacktest] 交易日 2020-03-02 可用训练天数仅有 16，略过该日打分。
2025-12-03 14:23:39 [WARNING] [U2DailyScoringBacktest] 交易日 2020-03-03 可用训练天数仅有 17，略过该日打分。
2025-12-03 14:23:39 [WARNING] [U2DailyScoringBacktest] 交易日 2020-03-04 可用训练天数仅有 18，略过该日打分。
2025-12-03 14:23:39 [WARNING] [U2DailyScoringBacktest] 交易日 2020-03-05 可用训练天数仅有 19，略过该日打分。
2025-12-03 14:23:39 [WARNING] [U2DailyScoringBacktest] 交易日 2020-03-06 可用训练天数仅有 20，略过该日打分。
2025-12-03 14:23:39 [WARNING] [U2DailyScoringBacktest] 交易日 2020-03-09 可用训练天数仅有 21，略过该日打分。
2025-12-03 14:23:39 [WARNING] [U2DailyScoringBacktest] 交易日 2020-03-10 可用训练天数仅有 22，略过该日打分。
2025-12-03 14:23:39 [WARNING] [U2DailyScoringBacktest] 交易日 2020-03-11 可用训练天数仅有 23，略过该日打分。
2025-12-03 14:23:39 [WARNING] [U2DailyScoringBacktest] 交易日 2020-03-12 可用训练天数仅有 24，略过该日打分。
2025-12-03 14:23:39 [WARNING] [U2DailyScoringBacktest] 交易日 2020-03-13 可用训练天数仅有 25，略过该日打分。
2025-12-03 14:23:39 [WARNING] [U2DailyScoringBacktest] 交易日 2020-03-16 可用训练天数仅有 26，略过该日打分。
2025-12-03 14:23:39 [WARNING] [U2DailyScoringBacktest] 交易日 2020-03-17 可用训练天数仅有 27，略过该日打分。
2025-12-03 14:23:39 [WARNING] [U2DailyScoringBacktest] 交易日 2020-03-18 可用训练天数仅有 28，略过该日打分。
2025-12-03 14:23:39 [WARNING] [U2DailyScoringBacktest] 交易日 2020-03-19 可用训练天数仅有 29，略过该日打分。
2025-12-03 14:23:39 [WARNING] [U2DailyScoringBacktest] 交易日 2020-03-20 可用训练天数仅有 30，略过该日打分。
2025-12-03 14:23:39 [WARNING] [U2DailyScoringBacktest] 交易日 2020-03-23 可用训练天数仅有 31，略过该日打分。
2025-12-03 14:23:39 [WARNING] [U2DailyScoringBacktest] 交易日 2020-03-24 可用训练天数仅有 32，略过该日打分。
2025-12-03 14:23:39 [WARNING] [U2DailyScoringBacktest] 交易日 2020-03-25 可用训练天数仅有 33，略过该日打分。
2025-12-03 14:23:39 [WARNING] [U2DailyScoringBacktest] 交易日 2020-03-26 可用训练天数仅有 34，略过该日打分。
2025-12-03 14:23:39 [WARNING] [U2DailyScoringBacktest] 交易日 2020-03-27 可用训练天数仅有 35，略过该日打分。
2025-12-03 14:23:39 [WARNING] [U2DailyScoringBacktest] 交易日 2020-03-30 可用训练天数仅有 36，略过该日打分。
2025-12-03 14:23:39 [WARNING] [U2DailyScoringBacktest] 交易日 2020-03-31 可用训练天数仅有 37，略过该日打分。
2025-12-03 14:23:39 [WARNING] [U2DailyScoringBacktest] 交易日 2020-04-01 可用训练天数仅有 38，略过该日打分。
2025-12-03 14:23:39 [WARNING] [U2DailyScoringBacktest] 交易日 2020-04-02 可用训练天数仅有 39，略过该日打分。
2025-12-03 14:23:39 [WARNING] [U2DailyScoringBacktest] 交易日 2020-04-03 可用训练天数仅有 40，略过该日打分。
2025-12-03 14:23:39 [WARNING] [U2DailyScoringBacktest] 交易日 2020-04-07 可用训练天数仅有 41，略过该日打分。
2025-12-03 14:23:39 [WARNING] [U2DailyScoringBacktest] 交易日 2020-04-08 可用训练天数仅有 42，略过该日打分。
2025-12-03 14:23:39 [WARNING] [U2DailyScoringBacktest] 交易日 2020-04-09 可用训练天数仅有 43，略过该日打分。
2025-12-03 14:23:39 [WARNING] [U2DailyScoringBacktest] 交易日 2020-04-10 可用训练天数仅有 44，略过该日打分。
2025-12-03 14:23:39 [WARNING] [U2DailyScoringBacktest] 交易日 2020-04-13 可用训练天数仅有 45，略过该日打分。
2025-12-03 14:23:39 [WARNING] [U2DailyScoringBacktest] 交易日 2020-04-14 可用训练天数仅有 46，略过该日打分。
2025-12-03 14:23:39 [WARNING] [U2DailyScoringBacktest] 交易日 2020-04-15 可用训练天数仅有 47，略过该日打分。
2025-12-03 14:23:39 [WARNING] [U2DailyScoringBacktest] 交易日 2020-04-16 可用训练天数仅有 48，略过该日打分。
2025-12-03 14:23:39 [WARNING] [U2DailyScoringBacktest] 交易日 2020-04-17 可用训练天数仅有 49，略过该日打分。
2025-12-03 14:23:39 [WARNING] [U2DailyScoringBacktest] 交易日 2020-04-20 可用训练天数仅有 50，略过该日打分。
2025-12-03 14:23:39 [WARNING] [U2DailyScoringBacktest] 交易日 2020-04-21 可用训练天数仅有 51，略过该日打分。
2025-12-03 14:23:39 [WARNING] [U2DailyScoringBacktest] 交易日 2020-04-22 可用训练天数仅有 52，略过该日打分。
2025-12-03 14:23:39 [WARNING] [U2DailyScoringBacktest] 交易日 2020-04-23 可用训练天数仅有 53，略过该日打分。
2025-12-03 14:23:39 [WARNING] [U2DailyScoringBacktest] 交易日 2020-04-24 可用训练天数仅有 54，略过该日打分。
2025-12-03 14:23:39 [WARNING] [U2DailyScoringBacktest] 交易日 2020-04-27 可用训练天数仅有 55，略过该日打分。
2025-12-03 14:23:39 [WARNING] [U2DailyScoringBacktest] 交易日 2020-04-28 可用训练天数仅有 56，略过该日打分。
2025-12-03 14:23:39 [WARNING] [U2DailyScoringBacktest] 交易日 2020-04-29 可用训练天数仅有 57，略过该日打分。
2025-12-03 14:23:39 [WARNING] [U2DailyScoringBacktest] 交易日 2020-04-30 可用训练天数仅有 58，略过该日打分。
2025-12-03 14:23:39 [WARNING] [U2DailyScoringBacktest] 交易日 2020-05-06 可用训练天数仅有 59，略过该日打分。
2025-12-03 14:24:39 [INFO] [U2DailyScoringBacktest] [U3 Backtest] 总体统计：交易日数=1332, 样本数=5328, 命中率(label_u2=1 比例)=0.8829
2025-12-03 14:24:39 [INFO] [U2DailyScoringBacktest] [U3 Backtest] 按年份统计：
 year  n_days  n_samples  hit_rate
 2020     163        652    0.9325
 2021     243        972    0.9074
 2022     242        968    0.8946
 2023     242        968    0.8884
 2024     242        968    0.8636
 2025     200        800    0.8150
2025-12-03 14:24:39 [INFO] [U2DailyScoringBacktest] 候选股明细已写入：reports\u3_daily_scoring_backtest_ultrashort_main_u3.csv
2025-12-03 15:07:40 [INFO] [U2DailyScoringBacktest] 使用引擎: u3
2025-12-03 15:07:40 [INFO] [U2DailyScoringBacktest] 读取数据集：data/datasets\ultrashort_main_u3.parquet
2025-12-03 15:07:40 [INFO] [U2DailyScoringBacktest] 回测日期区间：2019-01-01 ~ 2025-11-28（数据全体区间：2020-02-07 ~ 2025-10-31）
2025-12-03 15:07:40 [WARNING] [U2DailyScoringBacktest] 交易日 2020-02-10 可用训练天数仅有 1，略过该日打分。
2025-12-03 15:07:40 [WARNING] [U2DailyScoringBacktest] 交易日 2020-02-11 可用训练天数仅有 2，略过该日打分。
2025-12-03 15:07:40 [WARNING] [U2DailyScoringBacktest] 交易日 2020-02-12 可用训练天数仅有 3，略过该日打分。
2025-12-03 15:07:40 [WARNING] [U2DailyScoringBacktest] 交易日 2020-02-13 可用训练天数仅有 4，略过该日打分。
2025-12-03 15:07:40 [WARNING] [U2DailyScoringBacktest] 交易日 2020-02-14 可用训练天数仅有 5，略过该日打分。
2025-12-03 15:07:40 [WARNING] [U2DailyScoringBacktest] 交易日 2020-02-17 可用训练天数仅有 6，略过该日打分。
2025-12-03 15:07:40 [WARNING] [U2DailyScoringBacktest] 交易日 2020-02-18 可用训练天数仅有 7，略过该日打分。
2025-12-03 15:07:40 [WARNING] [U2DailyScoringBacktest] 交易日 2020-02-19 可用训练天数仅有 8，略过该日打分。
2025-12-03 15:07:40 [WARNING] [U2DailyScoringBacktest] 交易日 2020-02-20 可用训练天数仅有 9，略过该日打分。
2025-12-03 15:07:40 [WARNING] [U2DailyScoringBacktest] 交易日 2020-02-21 可用训练天数仅有 10，略过该日打分。
2025-12-03 15:07:40 [WARNING] [U2DailyScoringBacktest] 交易日 2020-02-24 可用训练天数仅有 11，略过该日打分。
2025-12-03 15:07:40 [WARNING] [U2DailyScoringBacktest] 交易日 2020-02-25 可用训练天数仅有 12，略过该日打分。
2025-12-03 15:07:40 [WARNING] [U2DailyScoringBacktest] 交易日 2020-02-26 可用训练天数仅有 13，略过该日打分。
2025-12-03 15:07:40 [WARNING] [U2DailyScoringBacktest] 交易日 2020-02-27 可用训练天数仅有 14，略过该日打分。
2025-12-03 15:07:40 [WARNING] [U2DailyScoringBacktest] 交易日 2020-02-28 可用训练天数仅有 15，略过该日打分。
2025-12-03 15:07:40 [WARNING] [U2DailyScoringBacktest] 交易日 2020-03-02 可用训练天数仅有 16，略过该日打分。
2025-12-03 15:07:40 [WARNING] [U2DailyScoringBacktest] 交易日 2020-03-03 可用训练天数仅有 17，略过该日打分。
2025-12-03 15:07:40 [WARNING] [U2DailyScoringBacktest] 交易日 2020-03-04 可用训练天数仅有 18，略过该日打分。
2025-12-03 15:07:40 [WARNING] [U2DailyScoringBacktest] 交易日 2020-03-05 可用训练天数仅有 19，略过该日打分。
2025-12-03 15:07:40 [WARNING] [U2DailyScoringBacktest] 交易日 2020-03-06 可用训练天数仅有 20，略过该日打分。
2025-12-03 15:07:40 [WARNING] [U2DailyScoringBacktest] 交易日 2020-03-09 可用训练天数仅有 21，略过该日打分。
2025-12-03 15:07:40 [WARNING] [U2DailyScoringBacktest] 交易日 2020-03-10 可用训练天数仅有 22，略过该日打分。
2025-12-03 15:07:40 [WARNING] [U2DailyScoringBacktest] 交易日 2020-03-11 可用训练天数仅有 23，略过该日打分。
2025-12-03 15:07:40 [WARNING] [U2DailyScoringBacktest] 交易日 2020-03-12 可用训练天数仅有 24，略过该日打分。
2025-12-03 15:07:40 [WARNING] [U2DailyScoringBacktest] 交易日 2020-03-13 可用训练天数仅有 25，略过该日打分。
2025-12-03 15:07:40 [WARNING] [U2DailyScoringBacktest] 交易日 2020-03-16 可用训练天数仅有 26，略过该日打分。
2025-12-03 15:07:40 [WARNING] [U2DailyScoringBacktest] 交易日 2020-03-17 可用训练天数仅有 27，略过该日打分。
2025-12-03 15:07:40 [WARNING] [U2DailyScoringBacktest] 交易日 2020-03-18 可用训练天数仅有 28，略过该日打分。
2025-12-03 15:07:40 [WARNING] [U2DailyScoringBacktest] 交易日 2020-03-19 可用训练天数仅有 29，略过该日打分。
2025-12-03 15:07:40 [WARNING] [U2DailyScoringBacktest] 交易日 2020-03-20 可用训练天数仅有 30，略过该日打分。
2025-12-03 15:07:40 [WARNING] [U2DailyScoringBacktest] 交易日 2020-03-23 可用训练天数仅有 31，略过该日打分。
2025-12-03 15:07:40 [WARNING] [U2DailyScoringBacktest] 交易日 2020-03-24 可用训练天数仅有 32，略过该日打分。
2025-12-03 15:07:40 [WARNING] [U2DailyScoringBacktest] 交易日 2020-03-25 可用训练天数仅有 33，略过该日打分。
2025-12-03 15:07:40 [WARNING] [U2DailyScoringBacktest] 交易日 2020-03-26 可用训练天数仅有 34，略过该日打分。
2025-12-03 15:07:40 [WARNING] [U2DailyScoringBacktest] 交易日 2020-03-27 可用训练天数仅有 35，略过该日打分。
2025-12-03 15:07:40 [WARNING] [U2DailyScoringBacktest] 交易日 2020-03-30 可用训练天数仅有 36，略过该日打分。
2025-12-03 15:07:40 [WARNING] [U2DailyScoringBacktest] 交易日 2020-03-31 可用训练天数仅有 37，略过该日打分。
2025-12-03 15:07:40 [WARNING] [U2DailyScoringBacktest] 交易日 2020-04-01 可用训练天数仅有 38，略过该日打分。
2025-12-03 15:07:40 [WARNING] [U2DailyScoringBacktest] 交易日 2020-04-02 可用训练天数仅有 39，略过该日打分。
2025-12-03 15:07:40 [WARNING] [U2DailyScoringBacktest] 交易日 2020-04-03 可用训练天数仅有 40，略过该日打分。
2025-12-03 15:07:40 [WARNING] [U2DailyScoringBacktest] 交易日 2020-04-07 可用训练天数仅有 41，略过该日打分。
2025-12-03 15:07:40 [WARNING] [U2DailyScoringBacktest] 交易日 2020-04-08 可用训练天数仅有 42，略过该日打分。
2025-12-03 15:07:40 [WARNING] [U2DailyScoringBacktest] 交易日 2020-04-09 可用训练天数仅有 43，略过该日打分。
2025-12-03 15:07:40 [WARNING] [U2DailyScoringBacktest] 交易日 2020-04-10 可用训练天数仅有 44，略过该日打分。
2025-12-03 15:07:40 [WARNING] [U2DailyScoringBacktest] 交易日 2020-04-13 可用训练天数仅有 45，略过该日打分。
2025-12-03 15:07:40 [WARNING] [U2DailyScoringBacktest] 交易日 2020-04-14 可用训练天数仅有 46，略过该日打分。
2025-12-03 15:07:40 [WARNING] [U2DailyScoringBacktest] 交易日 2020-04-15 可用训练天数仅有 47，略过该日打分。
2025-12-03 15:07:40 [WARNING] [U2DailyScoringBacktest] 交易日 2020-04-16 可用训练天数仅有 48，略过该日打分。
2025-12-03 15:07:40 [WARNING] [U2DailyScoringBacktest] 交易日 2020-04-17 可用训练天数仅有 49，略过该日打分。
2025-12-03 15:07:40 [WARNING] [U2DailyScoringBacktest] 交易日 2020-04-20 可用训练天数仅有 50，略过该日打分。
2025-12-03 15:07:40 [WARNING] [U2DailyScoringBacktest] 交易日 2020-04-21 可用训练天数仅有 51，略过该日打分。
2025-12-03 15:07:40 [WARNING] [U2DailyScoringBacktest] 交易日 2020-04-22 可用训练天数仅有 52，略过该日打分。
2025-12-03 15:07:40 [WARNING] [U2DailyScoringBacktest] 交易日 2020-04-23 可用训练天数仅有 53，略过该日打分。
2025-12-03 15:07:40 [WARNING] [U2DailyScoringBacktest] 交易日 2020-04-24 可用训练天数仅有 54，略过该日打分。
2025-12-03 15:07:40 [WARNING] [U2DailyScoringBacktest] 交易日 2020-04-27 可用训练天数仅有 55，略过该日打分。
2025-12-03 15:07:40 [WARNING] [U2DailyScoringBacktest] 交易日 2020-04-28 可用训练天数仅有 56，略过该日打分。
2025-12-03 15:07:40 [WARNING] [U2DailyScoringBacktest] 交易日 2020-04-29 可用训练天数仅有 57，略过该日打分。
2025-12-03 15:07:40 [WARNING] [U2DailyScoringBacktest] 交易日 2020-04-30 可用训练天数仅有 58，略过该日打分。
2025-12-03 15:07:40 [WARNING] [U2DailyScoringBacktest] 交易日 2020-05-06 可用训练天数仅有 59，略过该日打分。
2025-12-03 15:08:39 [INFO] [U2DailyScoringBacktest] [U3 Backtest] 总体统计：交易日数=1332, 样本数=5328, 命中率(label_u2=1 比例)=0.8829
2025-12-03 15:08:39 [INFO] [U2DailyScoringBacktest] [U3 Backtest] 按年份统计：
 year  n_days  n_samples  hit_rate
 2020     163        652    0.9325
 2021     243        972    0.9074
 2022     242        968    0.8946
 2023     242        968    0.8884
 2024     242        968    0.8636
 2025     200        800    0.8150
2025-12-03 15:08:39 [INFO] [U2DailyScoringBacktest] 候选股明细已写入：reports\u3_daily_scoring_backtest_ultrashort_main_u3.csv
2025-12-03 15:47:30 [INFO] [U2DailyScoringBacktest] 使用引擎: u3
2025-12-03 15:47:30 [INFO] [U2DailyScoringBacktest] 读取数据集：data/datasets\ultrashort_main_u3_style.parquet
2025-12-03 15:47:30 [INFO] [U2DailyScoringBacktest] 回测日期区间：2019-01-01 ~ 2025-11-28（数据全体区间：2020-02-07 ~ 2025-10-31）
2025-12-03 15:47:30 [WARNING] [U2DailyScoringBacktest] 交易日 2020-02-10 可用训练天数仅有 1，略过该日打分。
2025-12-03 15:47:30 [WARNING] [U2DailyScoringBacktest] 交易日 2020-02-11 可用训练天数仅有 2，略过该日打分。
2025-12-03 15:47:30 [WARNING] [U2DailyScoringBacktest] 交易日 2020-02-12 可用训练天数仅有 3，略过该日打分。
2025-12-03 15:47:30 [WARNING] [U2DailyScoringBacktest] 交易日 2020-02-13 可用训练天数仅有 4，略过该日打分。
2025-12-03 15:47:30 [WARNING] [U2DailyScoringBacktest] 交易日 2020-02-14 可用训练天数仅有 5，略过该日打分。
2025-12-03 15:47:30 [WARNING] [U2DailyScoringBacktest] 交易日 2020-02-17 可用训练天数仅有 6，略过该日打分。
2025-12-03 15:47:30 [WARNING] [U2DailyScoringBacktest] 交易日 2020-02-18 可用训练天数仅有 7，略过该日打分。
2025-12-03 15:47:30 [WARNING] [U2DailyScoringBacktest] 交易日 2020-02-19 可用训练天数仅有 8，略过该日打分。
2025-12-03 15:47:30 [WARNING] [U2DailyScoringBacktest] 交易日 2020-02-20 可用训练天数仅有 9，略过该日打分。
2025-12-03 15:47:30 [WARNING] [U2DailyScoringBacktest] 交易日 2020-02-21 可用训练天数仅有 10，略过该日打分。
2025-12-03 15:47:30 [WARNING] [U2DailyScoringBacktest] 交易日 2020-02-24 可用训练天数仅有 11，略过该日打分。
2025-12-03 15:47:30 [WARNING] [U2DailyScoringBacktest] 交易日 2020-02-25 可用训练天数仅有 12，略过该日打分。
2025-12-03 15:47:30 [WARNING] [U2DailyScoringBacktest] 交易日 2020-02-26 可用训练天数仅有 13，略过该日打分。
2025-12-03 15:47:30 [WARNING] [U2DailyScoringBacktest] 交易日 2020-02-27 可用训练天数仅有 14，略过该日打分。
2025-12-03 15:47:30 [WARNING] [U2DailyScoringBacktest] 交易日 2020-02-28 可用训练天数仅有 15，略过该日打分。
2025-12-03 15:47:30 [WARNING] [U2DailyScoringBacktest] 交易日 2020-03-02 可用训练天数仅有 16，略过该日打分。
2025-12-03 15:47:30 [WARNING] [U2DailyScoringBacktest] 交易日 2020-03-03 可用训练天数仅有 17，略过该日打分。
2025-12-03 15:47:30 [WARNING] [U2DailyScoringBacktest] 交易日 2020-03-04 可用训练天数仅有 18，略过该日打分。
2025-12-03 15:47:30 [WARNING] [U2DailyScoringBacktest] 交易日 2020-03-05 可用训练天数仅有 19，略过该日打分。
2025-12-03 15:47:30 [WARNING] [U2DailyScoringBacktest] 交易日 2020-03-06 可用训练天数仅有 20，略过该日打分。
2025-12-03 15:47:30 [WARNING] [U2DailyScoringBacktest] 交易日 2020-03-09 可用训练天数仅有 21，略过该日打分。
2025-12-03 15:47:30 [WARNING] [U2DailyScoringBacktest] 交易日 2020-03-10 可用训练天数仅有 22，略过该日打分。
2025-12-03 15:47:30 [WARNING] [U2DailyScoringBacktest] 交易日 2020-03-11 可用训练天数仅有 23，略过该日打分。
2025-12-03 15:47:30 [WARNING] [U2DailyScoringBacktest] 交易日 2020-03-12 可用训练天数仅有 24，略过该日打分。
2025-12-03 15:47:30 [WARNING] [U2DailyScoringBacktest] 交易日 2020-03-13 可用训练天数仅有 25，略过该日打分。
2025-12-03 15:47:30 [WARNING] [U2DailyScoringBacktest] 交易日 2020-03-16 可用训练天数仅有 26，略过该日打分。
2025-12-03 15:47:30 [WARNING] [U2DailyScoringBacktest] 交易日 2020-03-17 可用训练天数仅有 27，略过该日打分。
2025-12-03 15:47:30 [WARNING] [U2DailyScoringBacktest] 交易日 2020-03-18 可用训练天数仅有 28，略过该日打分。
2025-12-03 15:47:30 [WARNING] [U2DailyScoringBacktest] 交易日 2020-03-19 可用训练天数仅有 29，略过该日打分。
2025-12-03 15:47:30 [WARNING] [U2DailyScoringBacktest] 交易日 2020-03-20 可用训练天数仅有 30，略过该日打分。
2025-12-03 15:47:30 [WARNING] [U2DailyScoringBacktest] 交易日 2020-03-23 可用训练天数仅有 31，略过该日打分。
2025-12-03 15:47:30 [WARNING] [U2DailyScoringBacktest] 交易日 2020-03-24 可用训练天数仅有 32，略过该日打分。
2025-12-03 15:47:30 [WARNING] [U2DailyScoringBacktest] 交易日 2020-03-25 可用训练天数仅有 33，略过该日打分。
2025-12-03 15:47:30 [WARNING] [U2DailyScoringBacktest] 交易日 2020-03-26 可用训练天数仅有 34，略过该日打分。
2025-12-03 15:47:30 [WARNING] [U2DailyScoringBacktest] 交易日 2020-03-27 可用训练天数仅有 35，略过该日打分。
2025-12-03 15:47:30 [WARNING] [U2DailyScoringBacktest] 交易日 2020-03-30 可用训练天数仅有 36，略过该日打分。
2025-12-03 15:47:30 [WARNING] [U2DailyScoringBacktest] 交易日 2020-03-31 可用训练天数仅有 37，略过该日打分。
2025-12-03 15:47:30 [WARNING] [U2DailyScoringBacktest] 交易日 2020-04-01 可用训练天数仅有 38，略过该日打分。
2025-12-03 15:47:30 [WARNING] [U2DailyScoringBacktest] 交易日 2020-04-02 可用训练天数仅有 39，略过该日打分。
2025-12-03 15:47:30 [WARNING] [U2DailyScoringBacktest] 交易日 2020-04-03 可用训练天数仅有 40，略过该日打分。
2025-12-03 15:47:30 [WARNING] [U2DailyScoringBacktest] 交易日 2020-04-07 可用训练天数仅有 41，略过该日打分。
2025-12-03 15:47:30 [WARNING] [U2DailyScoringBacktest] 交易日 2020-04-08 可用训练天数仅有 42，略过该日打分。
2025-12-03 15:47:30 [WARNING] [U2DailyScoringBacktest] 交易日 2020-04-09 可用训练天数仅有 43，略过该日打分。
2025-12-03 15:47:30 [WARNING] [U2DailyScoringBacktest] 交易日 2020-04-10 可用训练天数仅有 44，略过该日打分。
2025-12-03 15:47:30 [WARNING] [U2DailyScoringBacktest] 交易日 2020-04-13 可用训练天数仅有 45，略过该日打分。
2025-12-03 15:47:30 [WARNING] [U2DailyScoringBacktest] 交易日 2020-04-14 可用训练天数仅有 46，略过该日打分。
2025-12-03 15:47:30 [WARNING] [U2DailyScoringBacktest] 交易日 2020-04-15 可用训练天数仅有 47，略过该日打分。
2025-12-03 15:47:30 [WARNING] [U2DailyScoringBacktest] 交易日 2020-04-16 可用训练天数仅有 48，略过该日打分。
2025-12-03 15:47:30 [WARNING] [U2DailyScoringBacktest] 交易日 2020-04-17 可用训练天数仅有 49，略过该日打分。
2025-12-03 15:47:30 [WARNING] [U2DailyScoringBacktest] 交易日 2020-04-20 可用训练天数仅有 50，略过该日打分。
2025-12-03 15:47:30 [WARNING] [U2DailyScoringBacktest] 交易日 2020-04-21 可用训练天数仅有 51，略过该日打分。
2025-12-03 15:47:30 [WARNING] [U2DailyScoringBacktest] 交易日 2020-04-22 可用训练天数仅有 52，略过该日打分。
2025-12-03 15:47:30 [WARNING] [U2DailyScoringBacktest] 交易日 2020-04-23 可用训练天数仅有 53，略过该日打分。
2025-12-03 15:47:30 [WARNING] [U2DailyScoringBacktest] 交易日 2020-04-24 可用训练天数仅有 54，略过该日打分。
2025-12-03 15:47:30 [WARNING] [U2DailyScoringBacktest] 交易日 2020-04-27 可用训练天数仅有 55，略过该日打分。
2025-12-03 15:47:30 [WARNING] [U2DailyScoringBacktest] 交易日 2020-04-28 可用训练天数仅有 56，略过该日打分。
2025-12-03 15:47:30 [WARNING] [U2DailyScoringBacktest] 交易日 2020-04-29 可用训练天数仅有 57，略过该日打分。
2025-12-03 15:47:30 [WARNING] [U2DailyScoringBacktest] 交易日 2020-04-30 可用训练天数仅有 58，略过该日打分。
2025-12-03 15:47:30 [WARNING] [U2DailyScoringBacktest] 交易日 2020-05-06 可用训练天数仅有 59，略过该日打分。
2025-12-03 15:48:31 [INFO] [U2DailyScoringBacktest] [U3 Backtest] 总体统计：交易日数=1332, 样本数=3996, 命中率(label_u2=1 比例)=0.9197
2025-12-03 15:48:31 [INFO] [U2DailyScoringBacktest] [U3 Backtest] 按年份统计：
 year  n_days  n_samples  hit_rate
 2020     163        489    0.9448
 2021     243        729    0.9232
 2022     242        726    0.9311
 2023     242        726    0.9256
 2024     242        726    0.9229
 2025     200        600    0.8700
2025-12-03 15:48:31 [INFO] [U2DailyScoringBacktest] 候选股明细已写入：reports\u3_daily_scoring_backtest_ultrashort_main_u3_style.csv
2025-12-03 16:47:15 [INFO] [U0BaselineResearch] 读取数据集：G:\LightHunter_Mk1\data\datasets\ultrashort_main.parquet
